0 info it worked if it ends with ok
1 verbose cli [ '/usr/bin/node',
1 verbose cli   '/usr/bin/npm',
1 verbose cli   'install',
1 verbose cli   '-g',
1 verbose cli   'generator-travis-ci' ]
2 info using npm@1.3.21
3 info using node@v0.10.24
4 verbose node symlink /usr/bin/node
5 verbose cache add [ 'generator-travis-ci', null ]
6 verbose cache add name=undefined spec="generator-travis-ci" args=["generator-travis-ci",null]
7 verbose parsed url { protocol: null,
7 verbose parsed url   slashes: null,
7 verbose parsed url   auth: null,
7 verbose parsed url   host: null,
7 verbose parsed url   port: null,
7 verbose parsed url   hostname: null,
7 verbose parsed url   hash: null,
7 verbose parsed url   search: null,
7 verbose parsed url   query: null,
7 verbose parsed url   pathname: 'generator-travis-ci',
7 verbose parsed url   path: 'generator-travis-ci',
7 verbose parsed url   href: 'generator-travis-ci' }
8 silly lockFile 068ec108-generator-travis-ci generator-travis-ci
9 verbose lock generator-travis-ci /home/nick/.npm/068ec108-generator-travis-ci.lock
10 silly lockFile 068ec108-generator-travis-ci generator-travis-ci
11 silly lockFile 068ec108-generator-travis-ci generator-travis-ci
12 verbose addNamed [ 'generator-travis-ci', '' ]
13 verbose addNamed [ null, '*' ]
14 silly lockFile 58b1d9c1-generator-travis-ci generator-travis-ci@
15 verbose lock generator-travis-ci@ /home/nick/.npm/58b1d9c1-generator-travis-ci.lock
16 silly addNameRange { name: 'generator-travis-ci', range: '*', hasData: false }
17 verbose url raw generator-travis-ci
18 verbose url resolving [ 'https://registry.npmjs.org/', './generator-travis-ci' ]
19 verbose url resolved https://registry.npmjs.org/generator-travis-ci
20 info trying registry request attempt 1 at 17:25:06
21 http GET https://registry.npmjs.org/generator-travis-ci
22 http 200 https://registry.npmjs.org/generator-travis-ci
23 silly registry.get cb [ 200,
23 silly registry.get   { date: 'Fri, 24 Jan 2014 15:25:06 GMT',
23 silly registry.get     server: 'CouchDB/1.5.0 (Erlang OTP/R15B03)',
23 silly registry.get     etag: '"9QQGPUHFV7BX969ZVPQV0PAZL"',
23 silly registry.get     'content-type': 'application/json',
23 silly registry.get     'content-length': '66181',
23 silly registry.get     'accept-ranges': 'bytes',
23 silly registry.get     via: '1.1 varnish',
23 silly registry.get     age: '0',
23 silly registry.get     'x-served-by': 'cache-fra1222-FRA',
23 silly registry.get     'x-cache': 'MISS',
23 silly registry.get     'x-cache-hits': '0',
23 silly registry.get     'x-timer': 'S1390577106.251350880,VS0,VE392',
23 silly registry.get     vary: 'Accept',
23 silly registry.get     'keep-alive': 'timeout=10, max=50',
23 silly registry.get     connection: 'Keep-Alive' } ]
24 silly addNameRange number 2 { name: 'generator-travis-ci', range: '*', hasData: true }
25 silly addNameRange versions [ 'generator-travis-ci',
25 silly addNameRange   [ '0.1.0',
25 silly addNameRange     '0.2.0',
25 silly addNameRange     '0.2.1',
25 silly addNameRange     '0.2.2',
25 silly addNameRange     '0.2.3',
25 silly addNameRange     '0.2.4',
25 silly addNameRange     '0.2.5',
25 silly addNameRange     '0.2.7',
25 silly addNameRange     '0.3.1',
25 silly addNameRange     '0.4.0',
25 silly addNameRange     '0.4.1',
25 silly addNameRange     '0.5.1',
25 silly addNameRange     '0.5.2',
25 silly addNameRange     '0.6.0',
25 silly addNameRange     '0.6.1',
25 silly addNameRange     '0.6.3',
25 silly addNameRange     '0.6.4',
25 silly addNameRange     '0.6.5',
25 silly addNameRange     '0.6.6' ] ]
26 verbose addNamed [ 'generator-travis-ci', '0.6.6' ]
27 verbose addNamed [ '0.6.6', '0.6.6' ]
28 silly lockFile 473f0e20-generator-travis-ci-0-6-6 generator-travis-ci@0.6.6
29 verbose lock generator-travis-ci@0.6.6 /home/nick/.npm/473f0e20-generator-travis-ci-0-6-6.lock
30 silly lockFile 7bd9879e-ci-generator-travis-ci-0-6-6-tgz https://registry.npmjs.org/generator-travis-ci/-/generator-travis-ci-0.6.6.tgz
31 verbose lock https://registry.npmjs.org/generator-travis-ci/-/generator-travis-ci-0.6.6.tgz /home/nick/.npm/7bd9879e-ci-generator-travis-ci-0-6-6-tgz.lock
32 verbose addRemoteTarball [ 'https://registry.npmjs.org/generator-travis-ci/-/generator-travis-ci-0.6.6.tgz',
32 verbose addRemoteTarball   '71825e2c2f20184e6ce10c958e571a840c661b4e' ]
33 info retry fetch attempt 1 at 17:25:07
34 verbose fetch to= /home/nick/tmp/npm-10744-lCdz09Ge/1390577107428-0.41360677196644247/tmp.tgz
35 http GET https://registry.npmjs.org/generator-travis-ci/-/generator-travis-ci-0.6.6.tgz
36 http 200 https://registry.npmjs.org/generator-travis-ci/-/generator-travis-ci-0.6.6.tgz
37 verbose tar unpack /home/nick/tmp/npm-10744-lCdz09Ge/1390577107428-0.41360677196644247/tmp.tgz
38 silly lockFile 6bddf322-7428-0-41360677196644247-package tar:///home/nick/tmp/npm-10744-lCdz09Ge/1390577107428-0.41360677196644247/package
39 verbose lock tar:///home/nick/tmp/npm-10744-lCdz09Ge/1390577107428-0.41360677196644247/package /home/nick/.npm/6bddf322-7428-0-41360677196644247-package.lock
40 silly lockFile 07e074fc-7428-0-41360677196644247-tmp-tgz tar:///home/nick/tmp/npm-10744-lCdz09Ge/1390577107428-0.41360677196644247/tmp.tgz
41 verbose lock tar:///home/nick/tmp/npm-10744-lCdz09Ge/1390577107428-0.41360677196644247/tmp.tgz /home/nick/.npm/07e074fc-7428-0-41360677196644247-tmp-tgz.lock
42 silly gunzTarPerm modes [ '755', '644' ]
43 silly gunzTarPerm extractEntry package.json
44 silly gunzTarPerm extractEntry .npmignore
45 silly gunzTarPerm extractEntry README.md
46 silly gunzTarPerm extractEntry Gruntfile.js
47 silly gunzTarPerm extractEntry .travis.yml
48 silly gunzTarPerm extractEntry CONTRIBUTING.md
49 silly gunzTarPerm extractEntry .gitattributes
50 silly gunzTarPerm extractEntry .jshintrc
51 silly gunzTarPerm extractEntry app/index.js
52 silly gunzTarPerm extractEntry app/USAGE
53 silly gunzTarPerm extractEntry app/templates/.travis.yml
54 silly gunzTarPerm extractEntry gh-pages/index.js
55 silly gunzTarPerm extractEntry gh-pages/USAGE
56 silly gunzTarPerm extractEntry gh-pages/templates/.travis.yml
57 silly gunzTarPerm extractEntry lib/git-remote-parser.js
58 silly gunzTarPerm extractEntry lib/travis-generator.js
59 silly gunzTarPerm extractEntry .editorconfig
60 silly gunzTarPerm extractEntry test/app/test.js
61 silly gunzTarPerm extractEntry test/gh-pages/test.js
62 silly lockFile 6bddf322-7428-0-41360677196644247-package tar:///home/nick/tmp/npm-10744-lCdz09Ge/1390577107428-0.41360677196644247/package
63 silly lockFile 6bddf322-7428-0-41360677196644247-package tar:///home/nick/tmp/npm-10744-lCdz09Ge/1390577107428-0.41360677196644247/package
64 silly lockFile 07e074fc-7428-0-41360677196644247-tmp-tgz tar:///home/nick/tmp/npm-10744-lCdz09Ge/1390577107428-0.41360677196644247/tmp.tgz
65 silly lockFile 07e074fc-7428-0-41360677196644247-tmp-tgz tar:///home/nick/tmp/npm-10744-lCdz09Ge/1390577107428-0.41360677196644247/tmp.tgz
66 verbose tar pack [ '/home/nick/.npm/generator-travis-ci/0.6.6/package.tgz',
66 verbose tar pack   '/home/nick/tmp/npm-10744-lCdz09Ge/1390577107428-0.41360677196644247/package' ]
67 verbose tarball /home/nick/.npm/generator-travis-ci/0.6.6/package.tgz
68 verbose folder /home/nick/tmp/npm-10744-lCdz09Ge/1390577107428-0.41360677196644247/package
69 silly lockFile 6bddf322-7428-0-41360677196644247-package tar:///home/nick/tmp/npm-10744-lCdz09Ge/1390577107428-0.41360677196644247/package
70 verbose lock tar:///home/nick/tmp/npm-10744-lCdz09Ge/1390577107428-0.41360677196644247/package /home/nick/.npm/6bddf322-7428-0-41360677196644247-package.lock
71 silly lockFile e18efbf6-ator-travis-ci-0-6-6-package-tgz tar:///home/nick/.npm/generator-travis-ci/0.6.6/package.tgz
72 verbose lock tar:///home/nick/.npm/generator-travis-ci/0.6.6/package.tgz /home/nick/.npm/e18efbf6-ator-travis-ci-0-6-6-package-tgz.lock
73 silly lockFile 6bddf322-7428-0-41360677196644247-package tar:///home/nick/tmp/npm-10744-lCdz09Ge/1390577107428-0.41360677196644247/package
74 silly lockFile 6bddf322-7428-0-41360677196644247-package tar:///home/nick/tmp/npm-10744-lCdz09Ge/1390577107428-0.41360677196644247/package
75 silly lockFile e18efbf6-ator-travis-ci-0-6-6-package-tgz tar:///home/nick/.npm/generator-travis-ci/0.6.6/package.tgz
76 silly lockFile e18efbf6-ator-travis-ci-0-6-6-package-tgz tar:///home/nick/.npm/generator-travis-ci/0.6.6/package.tgz
77 silly lockFile 20ccc5cf-enerator-travis-ci-0-6-6-package /home/nick/.npm/generator-travis-ci/0.6.6/package
78 verbose lock /home/nick/.npm/generator-travis-ci/0.6.6/package /home/nick/.npm/20ccc5cf-enerator-travis-ci-0-6-6-package.lock
79 silly lockFile 20ccc5cf-enerator-travis-ci-0-6-6-package /home/nick/.npm/generator-travis-ci/0.6.6/package
80 silly lockFile 20ccc5cf-enerator-travis-ci-0-6-6-package /home/nick/.npm/generator-travis-ci/0.6.6/package
81 verbose tar unpack /home/nick/.npm/generator-travis-ci/0.6.6/package.tgz
82 silly lockFile 1f39681d-enerator-travis-ci-0-6-6-package tar:///home/nick/.npm/generator-travis-ci/0.6.6/package
83 verbose lock tar:///home/nick/.npm/generator-travis-ci/0.6.6/package /home/nick/.npm/1f39681d-enerator-travis-ci-0-6-6-package.lock
84 silly lockFile e18efbf6-ator-travis-ci-0-6-6-package-tgz tar:///home/nick/.npm/generator-travis-ci/0.6.6/package.tgz
85 verbose lock tar:///home/nick/.npm/generator-travis-ci/0.6.6/package.tgz /home/nick/.npm/e18efbf6-ator-travis-ci-0-6-6-package-tgz.lock
86 silly gunzTarPerm modes [ '755', '644' ]
87 silly gunzTarPerm extractEntry package.json
88 silly gunzTarPerm extractEntry .npmignore
89 silly gunzTarPerm extractEntry README.md
90 silly gunzTarPerm extractEntry Gruntfile.js
91 silly gunzTarPerm extractEntry .travis.yml
92 silly gunzTarPerm extractEntry CONTRIBUTING.md
93 silly gunzTarPerm extractEntry .gitattributes
94 silly gunzTarPerm extractEntry .jshintrc
95 silly gunzTarPerm extractEntry app/index.js
96 silly gunzTarPerm extractEntry app/USAGE
97 silly gunzTarPerm extractEntry app/templates/.travis.yml
98 silly gunzTarPerm extractEntry gh-pages/index.js
99 silly gunzTarPerm extractEntry gh-pages/USAGE
100 silly gunzTarPerm extractEntry gh-pages/templates/.travis.yml
101 silly gunzTarPerm extractEntry lib/git-remote-parser.js
102 silly gunzTarPerm extractEntry lib/travis-generator.js
103 silly gunzTarPerm extractEntry .editorconfig
104 silly gunzTarPerm extractEntry test/app/test.js
105 silly gunzTarPerm extractEntry test/gh-pages/test.js
106 silly lockFile 1f39681d-enerator-travis-ci-0-6-6-package tar:///home/nick/.npm/generator-travis-ci/0.6.6/package
107 silly lockFile 1f39681d-enerator-travis-ci-0-6-6-package tar:///home/nick/.npm/generator-travis-ci/0.6.6/package
108 silly lockFile e18efbf6-ator-travis-ci-0-6-6-package-tgz tar:///home/nick/.npm/generator-travis-ci/0.6.6/package.tgz
109 silly lockFile e18efbf6-ator-travis-ci-0-6-6-package-tgz tar:///home/nick/.npm/generator-travis-ci/0.6.6/package.tgz
110 verbose chmod /home/nick/.npm/generator-travis-ci/0.6.6/package.tgz 644
111 verbose chown /home/nick/.npm/generator-travis-ci/0.6.6/package.tgz [ 1000, 1000 ]
112 silly lockFile 7bd9879e-ci-generator-travis-ci-0-6-6-tgz https://registry.npmjs.org/generator-travis-ci/-/generator-travis-ci-0.6.6.tgz
113 silly lockFile 7bd9879e-ci-generator-travis-ci-0-6-6-tgz https://registry.npmjs.org/generator-travis-ci/-/generator-travis-ci-0.6.6.tgz
114 silly lockFile 473f0e20-generator-travis-ci-0-6-6 generator-travis-ci@0.6.6
115 silly lockFile 473f0e20-generator-travis-ci-0-6-6 generator-travis-ci@0.6.6
116 silly lockFile 58b1d9c1-generator-travis-ci generator-travis-ci@
117 silly lockFile 58b1d9c1-generator-travis-ci generator-travis-ci@
118 silly resolved [ { name: 'generator-travis-ci',
118 silly resolved     version: '0.6.6',
118 silly resolved     description: 'Yeoman generator that sets up travis-ci to do automated github pages deployment on every commit.',
118 silly resolved     repository:
118 silly resolved      { type: 'git',
118 silly resolved        url: 'git://github.com/pwmckenna/generator-travis-ci.git' },
118 silly resolved     scripts: { test: './node_modules/grunt-cli/bin/grunt' },
118 silly resolved     keywords:
118 silly resolved      [ 'yeoman-generator',
118 silly resolved        'yeoman',
118 silly resolved        'generator',
118 silly resolved        'travis-ci',
118 silly resolved        'travis',
118 silly resolved        'github',
118 silly resolved        'gh-pages' ],
118 silly resolved     author: { name: 'Patrick Williams', email: 'pwmckenna@gmail.com' },
118 silly resolved     license: 'BSD',
118 silly resolved     readmeFilename: 'README.md',
118 silly resolved     main: '',
118 silly resolved     bin: '',
118 silly resolved     homepage: 'https://github.com/pwmckenna/generator-travis-ci',
118 silly resolved     bugs: { url: 'https://github.com/pwmckenna/generator-travis-ci/issues' },
118 silly resolved     dependencies:
118 silly resolved      { 'yeoman-generator': '~0.13.4',
118 silly resolved        q: '~0.8.12',
118 silly resolved        request: '~2.14.0',
118 silly resolved        github: '~0.1.12',
118 silly resolved        open: '0.0.3',
118 silly resolved        lodash: '~1.0.1',
118 silly resolved        ursa: '~0.8.0',
118 silly resolved        'git-tools': '0.0.3',
118 silly resolved        'travis-ci': '~1.2.0',
118 silly resolved        chalk: '~0.3.0' },
118 silly resolved     devDependencies:
118 silly resolved      { grunt: '~0.4.2',
118 silly resolved        'grunt-cli': '~0.1.11',
118 silly resolved        'grunt-env': '~0.4.0',
118 silly resolved        'grunt-contrib-jshint': '~0.7.2',
118 silly resolved        'grunt-mocha-test': '~0.7.0',
118 silly resolved        mocha: '~1.14.0',
118 silly resolved        matchdep: '~0.3.0' },
118 silly resolved     peerDependencies: { yo: '>=1.0.0-rc.1.1' },
118 silly resolved     engines: { node: '>=0.8.0' },
118 silly resolved     readme: '# generator-travis-ci\n\n[Yeoman](http://yeoman.io) [generator](https://github.com/yeoman/generator) that provides travis-ci setup options for yeoman projects.\n__`yo travis-ci:gh-pages`__ is an automated alternative to https://github.com/yeoman/yeoman/wiki/Deployment.\n\n## Installation\n\n__`npm install -g generator-travis-ci`__\n\n## Requirements\n\n####Yeoman\n\nBeta version 1.0 and hopefully all future versions.\n\n####GitHub\nTravis is deeply integrated with github, and in order to set all the travis hooks for you, this generator must be run on project hosted on github. Your git remotes should looks something like this:\n\n__`git remote -v`__\n> origin  git@github.com:pwmckenna/generator-travis-ci.git (fetch)\n> origin  git@github.com:pwmckenna/generator-travis-ci.git (push)\n\n## Sub-Generators:\n\n#### default generator\n\n> Sets up travis-ci.org to track your project and creates a basic .travis.yml that runs `grunt` on each commit.\n\n> You can then display your projects build/test status in your README or elsewhere like below:\n\n> [![Build Status](https://travis-ci.org/pwmckenna/generator-travis-ci.png?branch=master)](https://travis-ci.org/pwmckenna/generator-travis-ci)\n\nUsage: __`yo travis-ci`__\n\n#### gh-pages generator\n\n> Aims to make yeoman sites work similar to jekyll sites on github pages. Commit the raw files into master and what is served via gh-pages is `grunt build` output. For [user & organization pages](https://help.github.com/articles/user-organization-and-project-pages#user--organization-pages), you specify the branch you\'d like to develop in, and the output is pushed to master.\n\n> Creates a *.travis.yml* file that tells travis-ci to build the yeoman project in your master branch after every commit and push the built site into your project\'s *gh-pages* branch.\n\nUsage: __`yo travis-ci:gh-pages`__\n\n#### suggestions?\n\nIf you have suggestions for common yeoman/grunt testing/deployment tasks that could be handled best by a continuous integration service, make a pull request or shoot me a message!\n\n## Contribute\n\nSee the [contributing docs](https://github.com/yeoman/yeoman/blob/master/contributing.md)\n\n\n## License\n\n[BSD license](http://opensource.org/licenses/bsd-license.php)\n',
118 silly resolved     _id: 'generator-travis-ci@0.6.6',
118 silly resolved     dist: { shasum: '3ee949f0d69ae04241fa821c1a0cffc18e5f811c' },
118 silly resolved     _from: 'generator-travis-ci@',
118 silly resolved     _resolved: 'https://registry.npmjs.org/generator-travis-ci/-/generator-travis-ci-0.6.6.tgz' } ]
119 info install generator-travis-ci@0.6.6 into /usr/lib
120 info installOne generator-travis-ci@0.6.6
121 info /usr/lib/node_modules/generator-travis-ci unbuild
122 verbose tar unpack /home/nick/.npm/generator-travis-ci/0.6.6/package.tgz
123 silly lockFile dc62f9b4-node-modules-generator-travis-ci tar:///usr/lib/node_modules/generator-travis-ci
124 verbose lock tar:///usr/lib/node_modules/generator-travis-ci /home/nick/.npm/dc62f9b4-node-modules-generator-travis-ci.lock
125 silly lockFile e18efbf6-ator-travis-ci-0-6-6-package-tgz tar:///home/nick/.npm/generator-travis-ci/0.6.6/package.tgz
126 verbose lock tar:///home/nick/.npm/generator-travis-ci/0.6.6/package.tgz /home/nick/.npm/e18efbf6-ator-travis-ci-0-6-6-package-tgz.lock
127 silly gunzTarPerm modes [ '755', '644' ]
128 error Error: EACCES, mkdir '/usr/lib/node_modules/generator-travis-ci'
128 error  { [Error: EACCES, mkdir '/usr/lib/node_modules/generator-travis-ci']
128 error   errno: 3,
128 error   code: 'EACCES',
128 error   path: '/usr/lib/node_modules/generator-travis-ci',
128 error   fstream_type: 'Directory',
128 error   fstream_path: '/usr/lib/node_modules/generator-travis-ci',
128 error   fstream_class: 'DirWriter',
128 error   fstream_stack:
128 error    [ '/usr/lib/node_modules/npm/node_modules/fstream/lib/dir-writer.js:36:23',
128 error      '/usr/lib/node_modules/npm/node_modules/mkdirp/index.js:37:53',
128 error      'Object.oncomplete (fs.js:107:15)' ] }
129 error Please try running this command again as root/Administrator.
130 error System Linux 3.8.0-35-generic
131 error command "/usr/bin/node" "/usr/bin/npm" "install" "-g" "generator-travis-ci"
132 error cwd /var/www/travis-test
133 error node -v v0.10.24
134 error npm -v 1.3.21
135 error path /usr/lib/node_modules/generator-travis-ci
136 error fstream_path /usr/lib/node_modules/generator-travis-ci
137 error fstream_type Directory
138 error fstream_class DirWriter
139 error code EACCES
140 error errno 3
141 error stack Error: EACCES, mkdir '/usr/lib/node_modules/generator-travis-ci'
142 error fstream_stack /usr/lib/node_modules/npm/node_modules/fstream/lib/dir-writer.js:36:23
142 error fstream_stack /usr/lib/node_modules/npm/node_modules/mkdirp/index.js:37:53
142 error fstream_stack Object.oncomplete (fs.js:107:15)
143 verbose exit [ 3, true ]
